<?xml version="1.0" encoding="UTF-8"?>
<!-- Generated by org.testng.reporters.JUnitXMLReporter -->
<testsuite ignored="0" hostname="DESKTOP-6UB5GE2" failures="0" tests="4" name="Default test" time="5.388" errors="0" timestamp="2024-01-14T17:56:16 IST">
  <testcase classname="automationFramework.APITest" name="loginApiCompany" time="2.23"/>
  <testcase classname="automationFramework.APITest" name="getEmployes" time="2.156"/>
  <testcase classname="automationFramework.APITest" name="CheckIn" time="0.509"/>
  <testcase classname="automationFramework.APITest" name="CheckOut" time="0.437"/>
</testsuite> <!-- Default test -->
