<?xml version="1.0" encoding="UTF-8"?>
<testng-results ignored="0" total="4" passed="4" failed="0" skipped="0">
  <reporter-output>
  </reporter-output>
  <suite started-at="2024-01-14T17:56:11 IST" name="Default suite" finished-at="2024-01-14T17:56:16 IST" duration-ms="5388">
    <groups>
    </groups>
    <test started-at="2024-01-14T17:56:11 IST" name="Default test" finished-at="2024-01-14T17:56:16 IST" duration-ms="5388">
      <class name="automationFramework.APITest">
        <test-method signature="loginApiCompany()[pri:1, instance:automationFramework.APITest@4803b726]" started-at="2024-01-14T17:56:11 IST" name="loginApiCompany" finished-at="2024-01-14T17:56:13 IST" duration-ms="2230" status="PASS">
          <reporter-output>
          </reporter-output>
        </test-method> <!-- loginApiCompany -->
        <test-method signature="getEmployes()[pri:2, instance:automationFramework.APITest@4803b726]" started-at="2024-01-14T17:56:13 IST" name="getEmployes" finished-at="2024-01-14T17:56:15 IST" duration-ms="2156" status="PASS">
          <reporter-output>
          </reporter-output>
        </test-method> <!-- getEmployes -->
        <test-method signature="CheckIn()[pri:3, instance:automationFramework.APITest@4803b726]" started-at="2024-01-14T17:56:15 IST" name="CheckIn" finished-at="2024-01-14T17:56:16 IST" duration-ms="509" status="PASS">
          <reporter-output>
          </reporter-output>
        </test-method> <!-- CheckIn -->
        <test-method signature="CheckOut()[pri:4, instance:automationFramework.APITest@4803b726]" started-at="2024-01-14T17:56:16 IST" name="CheckOut" finished-at="2024-01-14T17:56:16 IST" duration-ms="437" status="PASS">
          <reporter-output>
          </reporter-output>
        </test-method> <!-- CheckOut -->
      </class> <!-- automationFramework.APITest -->
    </test> <!-- Default test -->
  </suite> <!-- Default suite -->
</testng-results>
